0 info it worked if it ends with ok
1 verbose cli [ '/usr/bin/nodejs',
1 verbose cli   '/usr/bin/npm',
1 verbose cli   'install',
1 verbose cli   'npm@latest',
1 verbose cli   '-g' ]
2 info using npm@1.3.10
3 info using node@v0.10.25
4 verbose cache add [ 'npm@latest', null ]
5 verbose cache add name=undefined spec="npm@latest" args=["npm@latest",null]
6 verbose parsed url { protocol: null,
6 verbose parsed url   slashes: null,
6 verbose parsed url   auth: null,
6 verbose parsed url   host: null,
6 verbose parsed url   port: null,
6 verbose parsed url   hostname: null,
6 verbose parsed url   hash: null,
6 verbose parsed url   search: null,
6 verbose parsed url   query: null,
6 verbose parsed url   pathname: 'npm@latest',
6 verbose parsed url   path: 'npm@latest',
6 verbose parsed url   href: 'npm@latest' }
7 verbose cache add name="npm" spec="latest" args=["npm","latest"]
8 verbose parsed url { protocol: null,
8 verbose parsed url   slashes: null,
8 verbose parsed url   auth: null,
8 verbose parsed url   host: null,
8 verbose parsed url   port: null,
8 verbose parsed url   hostname: null,
8 verbose parsed url   hash: null,
8 verbose parsed url   search: null,
8 verbose parsed url   query: null,
8 verbose parsed url   pathname: 'latest',
8 verbose parsed url   path: 'latest',
8 verbose parsed url   href: 'latest' }
9 verbose addNamed [ 'npm', 'latest' ]
10 verbose addNamed [ null, null ]
11 silly lockFile 588f5fcc-npm-latest npm@latest
12 verbose lock npm@latest /home/vagrant/.npm/588f5fcc-npm-latest.lock
13 info addNameTag [ 'npm', 'latest' ]
14 verbose url raw npm
15 verbose url resolving [ 'https://registry.npmjs.org/', './npm' ]
16 verbose url resolved https://registry.npmjs.org/npm
17 info trying registry request attempt 1 at 19:12:14
18 http GET https://registry.npmjs.org/npm
19 info retry will retry, error on last attempt: Error: CERT_UNTRUSTED
20 info trying registry request attempt 2 at 19:12:25
21 http GET https://registry.npmjs.org/npm
22 info retry will retry, error on last attempt: Error: CERT_UNTRUSTED
23 info trying registry request attempt 3 at 19:13:25
24 http GET https://registry.npmjs.org/npm
25 silly lockFile 588f5fcc-npm-latest npm@latest
26 silly lockFile 588f5fcc-npm-latest npm@latest
27 error Error: CERT_UNTRUSTED
27 error     at SecurePair.<anonymous> (tls.js:1370:32)
27 error     at SecurePair.EventEmitter.emit (events.js:92:17)
27 error     at SecurePair.maybeInitFinished (tls.js:982:10)
27 error     at CleartextStream.read [as _read] (tls.js:469:13)
27 error     at CleartextStream.Readable.read (_stream_readable.js:320:10)
27 error     at EncryptedStream.write [as _write] (tls.js:366:25)
27 error     at doWrite (_stream_writable.js:223:10)
27 error     at writeOrBuffer (_stream_writable.js:213:5)
27 error     at EncryptedStream.Writable.write (_stream_writable.js:180:11)
27 error     at write (_stream_readable.js:583:24)
28 error If you need help, you may report this log at:
28 error     <http://github.com/isaacs/npm/issues>
28 error or email it to:
28 error     <npm-@googlegroups.com>
29 error System Linux 3.13.0-165-generic
30 error command "/usr/bin/nodejs" "/usr/bin/npm" "install" "npm@latest" "-g"
31 error cwd /home/vagrant/elements_projects
32 error node -v v0.10.25
33 error npm -v 1.3.10
34 verbose exit [ 1, true ]
